c:\users\jorda\source\repos\rpgsdl2\x64\debug\vc143.pdb
c:\users\jorda\source\repos\rpgsdl2\x64\debug\vc143.idb
c:\users\jorda\source\repos\rpgsdl2\x64\debug\sham.obj
c:\users\jorda\source\repos\rpgsdl2\x64\debug\puzzles.obj
c:\users\jorda\source\repos\rpgsdl2\x64\debug\mapobject.obj
c:\users\jorda\source\repos\rpgsdl2\x64\debug\main.obj
c:\users\jorda\source\repos\rpgsdl2\x64\debug\klog.obj
c:\users\jorda\source\repos\rpgsdl2\x64\debug\informationbox.obj
c:\users\jorda\source\repos\rpgsdl2\x64\debug\hero.obj
c:\users\jorda\source\repos\rpgsdl2\x64\debug\characteranimationset.obj
c:\users\jorda\source\repos\rpgsdl2\x64\debug\character.obj
c:\users\jorda\source\repos\rpgsdl2\x64\debug\battlescreen.obj
c:\users\jorda\source\repos\rpgsdl2\x64\debug\animationmanager.obj
c:\users\jorda\source\repos\rpgsdl2\x64\debug\animation.obj
c:\users\jorda\source\repos\rpgsdl2\x64\debug\mapscreen.obj
c:\users\jorda\source\repos\rpgsdl2\x64\debug\hitpointsbar.obj
c:\users\jorda\source\repos\rpgsdl2\x64\debug\battlescreenbutton.obj
c:\users\jorda\source\repos\rpgsdl2\x64\debug\rpgsdl2.pdb
c:\users\jorda\source\repos\rpgsdl2\x64\debug\rpgsdl2.tlog\cl.command.1.tlog
c:\users\jorda\source\repos\rpgsdl2\x64\debug\rpgsdl2.tlog\cl.read.1.tlog
c:\users\jorda\source\repos\rpgsdl2\x64\debug\rpgsdl2.tlog\cl.write.1.tlog
c:\users\jorda\source\repos\rpgsdl2\x64\debug\rpgsdl2.tlog\link-cvtres.read.1.tlog
c:\users\jorda\source\repos\rpgsdl2\x64\debug\rpgsdl2.tlog\link-cvtres.write.1.tlog
c:\users\jorda\source\repos\rpgsdl2\x64\debug\rpgsdl2.tlog\link-rc.read.1.tlog
c:\users\jorda\source\repos\rpgsdl2\x64\debug\rpgsdl2.tlog\link-rc.write.1.tlog
c:\users\jorda\source\repos\rpgsdl2\x64\debug\rpgsdl2.tlog\link.32684-cvtres.read.1.tlog
c:\users\jorda\source\repos\rpgsdl2\x64\debug\rpgsdl2.tlog\link.32684-cvtres.write.1.tlog
c:\users\jorda\source\repos\rpgsdl2\x64\debug\rpgsdl2.tlog\link.32684-rc.read.1.tlog
c:\users\jorda\source\repos\rpgsdl2\x64\debug\rpgsdl2.tlog\link.32684-rc.write.1.tlog
c:\users\jorda\source\repos\rpgsdl2\x64\debug\rpgsdl2.tlog\link.32684.read.1.tlog
c:\users\jorda\source\repos\rpgsdl2\x64\debug\rpgsdl2.tlog\link.32684.read.2.tlog
c:\users\jorda\source\repos\rpgsdl2\x64\debug\rpgsdl2.tlog\link.32684.write.1.tlog
c:\users\jorda\source\repos\rpgsdl2\x64\debug\rpgsdl2.tlog\link.command.1.tlog
c:\users\jorda\source\repos\rpgsdl2\x64\debug\rpgsdl2.tlog\link.read.1.tlog
c:\users\jorda\source\repos\rpgsdl2\x64\debug\rpgsdl2.tlog\link.read.2.tlog
c:\users\jorda\source\repos\rpgsdl2\x64\debug\rpgsdl2.tlog\link.write.1.tlog
