The system is: Windows - 10.0.22000 - AMD64
Compiling the C compiler identification source file "CMakeCCompilerId.c" succeeded.
Compiler: C:/Program Files/Microsoft Visual Studio/2022/Community/VC/Tools/MSVC/14.33.31629/bin/Hostx64/x64/cl.exe 
Build flags: 
Id flags: -c 

The output was:
0
Microsoft (R) C/C++ Optimizing Compiler Version 19.33.31630 for x64
Copyright (C) Microsoft Corporation.  All rights reserved.

CMakeCCompilerId.c


Compilation of the C compiler identification source "CMakeCCompilerId.c" produced "CMakeCCompilerId.obj"

The C compiler identification is MSVC, found in "C:/Users/jorda/source/repos/RPGSDL2/out/build/x64-Debug/CMakeFiles/3.23.22060601-MSVC_2/CompilerIdC/CMakeCCompilerId.obj"

Compiling the CXX compiler identification source file "CMakeCXXCompilerId.cpp" succeeded.
Compiler: C:/Program Files/Microsoft Visual Studio/2022/Community/VC/Tools/MSVC/14.33.31629/bin/Hostx64/x64/cl.exe 
Build flags: 
Id flags: -c 

The output was:
0
Microsoft (R) C/C++ Optimizing Compiler Version 19.33.31630 for x64
Copyright (C) Microsoft Corporation.  All rights reserved.

CMakeCXXCompilerId.cpp


Compilation of the CXX compiler identification source "CMakeCXXCompilerId.cpp" produced "CMakeCXXCompilerId.obj"

The CXX compiler identification is MSVC, found in "C:/Users/jorda/source/repos/RPGSDL2/out/build/x64-Debug/CMakeFiles/3.23.22060601-MSVC_2/CompilerIdCXX/CMakeCXXCompilerId.obj"

Compiling the C compiler identification source file "CMakeCCompilerId.c" succeeded.
Compiler: C:/Program Files/Microsoft Visual Studio/2022/Community/VC/Tools/MSVC/14.33.31629/bin/Hostx64/x64/cl.exe 
Build flags: /DWIN32;/D_WINDOWS
Id flags: -c 

The output was:
0
Microsoft (R) C/C++ Optimizing Compiler Version 19.33.31630 for x64
Copyright (C) Microsoft Corporation.  All rights reserved.

CMakeCCompilerId.c


Compilation of the C compiler identification source "CMakeCCompilerId.c" produced "CMakeCCompilerId.obj"

The C compiler identification is MSVC, found in "C:/Users/jorda/source/repos/RPGSDL2/out/build/x64-Debug/CMakeFiles/3.23.22060601-MSVC_2/CompilerIdC/CMakeCCompilerId.obj"

Compiling the CXX compiler identification source file "CMakeCXXCompilerId.cpp" succeeded.
Compiler: C:/Program Files/Microsoft Visual Studio/2022/Community/VC/Tools/MSVC/14.33.31629/bin/Hostx64/x64/cl.exe 
Build flags: 
Id flags: -c 

The output was:
0
Microsoft (R) C/C++ Optimizing Compiler Version 19.33.31630 for x64
Copyright (C) Microsoft Corporation.  All rights reserved.

CMakeCXXCompilerId.cpp


Compilation of the CXX compiler identification source "CMakeCXXCompilerId.cpp" produced "CMakeCXXCompilerId.obj"

The CXX compiler identification is MSVC, found in "C:/Users/jorda/source/repos/RPGSDL2/out/build/x64-Debug/CMakeFiles/3.23.22060601-MSVC_2/CompilerIdCXX/CMakeCXXCompilerId.obj"

Compiling the C compiler identification source file "CMakeCCompilerId.c" succeeded.
Compiler: C:/Program Files/Microsoft Visual Studio/2022/Community/VC/Tools/MSVC/14.33.31629/bin/Hostx64/x64/cl.exe 
Build flags: /DWIN32;/D_WINDOWS
Id flags: -c 

The output was:
0
Microsoft (R) C/C++ Optimizing Compiler Version 19.33.31630 for x64
Copyright (C) Microsoft Corporation.  All rights reserved.

CMakeCCompilerId.c


Compilation of the C compiler identification source "CMakeCCompilerId.c" produced "CMakeCCompilerId.obj"

The C compiler identification is MSVC, found in "C:/Users/jorda/source/repos/RPGSDL2/out/build/x64-Debug/CMakeFiles/3.23.22060601-MSVC_2/CompilerIdC/CMakeCCompilerId.obj"

Compiling the CXX compiler identification source file "CMakeCXXCompilerId.cpp" succeeded.
Compiler: C:/Program Files/Microsoft Visual Studio/2022/Community/VC/Tools/MSVC/14.33.31629/bin/Hostx64/x64/cl.exe 
Build flags: 
Id flags: -c 

The output was:
0
Microsoft (R) C/C++ Optimizing Compiler Version 19.33.31630 for x64
Copyright (C) Microsoft Corporation.  All rights reserved.

CMakeCXXCompilerId.cpp


Compilation of the CXX compiler identification source "CMakeCXXCompilerId.cpp" produced "CMakeCXXCompilerId.obj"

The CXX compiler identification is MSVC, found in "C:/Users/jorda/source/repos/RPGSDL2/out/build/x64-Debug/CMakeFiles/3.23.22060601-MSVC_2/CompilerIdCXX/CMakeCXXCompilerId.obj"

Compiling the C compiler identification source file "CMakeCCompilerId.c" succeeded.
Compiler: C:/Program Files/Microsoft Visual Studio/2022/Community/VC/Tools/MSVC/14.33.31629/bin/Hostx64/x64/cl.exe 
Build flags: /DWIN32;/D_WINDOWS
Id flags: -c 

The output was:
0
Microsoft (R) C/C++ Optimizing Compiler Version 19.33.31630 for x64
Copyright (C) Microsoft Corporation.  All rights reserved.

CMakeCCompilerId.c


Compilation of the C compiler identification source "CMakeCCompilerId.c" produced "CMakeCCompilerId.obj"

The C compiler identification is MSVC, found in "C:/Users/jorda/source/repos/RPGSDL2/out/build/x64-Debug/CMakeFiles/3.23.22060601-MSVC_2/CompilerIdC/CMakeCCompilerId.obj"

Compiling the CXX compiler identification source file "CMakeCXXCompilerId.cpp" succeeded.
Compiler: C:/Program Files/Microsoft Visual Studio/2022/Community/VC/Tools/MSVC/14.33.31629/bin/Hostx64/x64/cl.exe 
Build flags: 
Id flags: -c 

The output was:
0
Microsoft (R) C/C++ Optimizing Compiler Version 19.33.31630 for x64
Copyright (C) Microsoft Corporation.  All rights reserved.

CMakeCXXCompilerId.cpp


Compilation of the CXX compiler identification source "CMakeCXXCompilerId.cpp" produced "CMakeCXXCompilerId.obj"

The CXX compiler identification is MSVC, found in "C:/Users/jorda/source/repos/RPGSDL2/out/build/x64-Debug/CMakeFiles/3.23.22060601-MSVC_2/CompilerIdCXX/CMakeCXXCompilerId.obj"

